
================================================================================
[2025-10-28 15:22:39] ERRO EM: extrair_detalhes (pedido 97678)
404 Client Error: Not Found for url: https://jueri.com.br/sis/api/v1/1201/pedido/%7Bid%7D
Traceback (most recent call last):
  File "C:\Users\Gabs\Documents\Projetos\atlas of\atlas\src\scraps_detalhes.py", line 248, in run
    response.raise_for_status()
  File "C:\Users\Gabs\Documents\Projetos\atlas of\atlas\venv\Lib\site-packages\requests\models.py", line 1026, in raise_for_status
    raise HTTPError(http_error_msg, response=self)
requests.exceptions.HTTPError: 404 Client Error: Not Found for url: https://jueri.com.br/sis/api/v1/1201/pedido/%7Bid%7D

================================================================================

================================================================================
[2025-10-28 15:48:37] ERRO EM: process_batch (pedido 148144)
Status: HTTP 429
NoneType: None

================================================================================

================================================================================
[2025-10-28 15:48:38] ERRO EM: process_batch (pedido 148143)
Status: HTTP 429
NoneType: None

================================================================================

================================================================================
[2025-10-28 15:48:38] ERRO EM: process_batch (pedido 149107)
Status: HTTP 429
NoneType: None

================================================================================

================================================================================
[2025-10-28 15:48:38] ERRO EM: process_batch (pedido 148222)
Status: HTTP 429
NoneType: None

================================================================================

================================================================================
[2025-10-28 15:48:38] ERRO EM: process_batch (pedido 149063)
Status: HTTP 429
NoneType: None

================================================================================

================================================================================
[2025-10-28 15:48:38] ERRO EM: process_batch (pedido 149080)
Status: HTTP 429
NoneType: None

================================================================================

================================================================================
[2025-10-28 15:48:38] ERRO EM: process_batch (pedido 148617)
Status: HTTP 429
NoneType: None

================================================================================

================================================================================
[2025-10-28 15:48:38] ERRO EM: process_batch (pedido 150072)
Status: HTTP 429
NoneType: None

================================================================================

================================================================================
[2025-10-28 15:48:38] ERRO EM: process_batch (pedido 149177)
Status: HTTP 429
NoneType: None

================================================================================

================================================================================
[2025-10-28 15:48:38] ERRO EM: process_batch (pedido 148600)
Status: HTTP 429
NoneType: None

================================================================================

================================================================================
[2025-10-28 15:48:38] ERRO EM: process_batch (pedido 150485)
Status: HTTP 429
NoneType: None

================================================================================

================================================================================
[2025-10-28 15:48:38] ERRO EM: process_batch (pedido 151188)
Status: HTTP 429
NoneType: None

================================================================================

================================================================================
[2025-10-28 15:48:38] ERRO EM: process_batch (pedido 151047)
Status: HTTP 429
NoneType: None

================================================================================

================================================================================
[2025-10-28 15:48:38] ERRO EM: process_batch (pedido 149560)
Status: HTTP 429
NoneType: None

================================================================================

================================================================================
[2025-10-28 15:48:38] ERRO EM: process_batch (pedido 151183)
Status: HTTP 429
NoneType: None

================================================================================

================================================================================
[2025-10-28 16:32:55] ERRO EM: process_batch (pedido 148143)
Status: max_retries_exceeded
NoneType: None

================================================================================

================================================================================
[2025-10-28 16:32:55] ERRO EM: process_batch (pedido 148144)
Status: max_retries_exceeded
NoneType: None

================================================================================

================================================================================
[2025-10-28 16:32:55] ERRO EM: process_batch (pedido 148222)
Status: max_retries_exceeded
NoneType: None

================================================================================

================================================================================
[2025-10-28 16:33:00] ERRO EM: process_batch (pedido 148600)
Status: max_retries_exceeded
NoneType: None

================================================================================

================================================================================
[2025-10-28 16:33:00] ERRO EM: process_batch (pedido 148617)
Status: max_retries_exceeded
NoneType: None

================================================================================

================================================================================
[2025-10-28 16:33:00] ERRO EM: process_batch (pedido 149063)
Status: max_retries_exceeded
NoneType: None

================================================================================

================================================================================
[2025-10-28 16:33:05] ERRO EM: process_batch (pedido 149080)
Status: max_retries_exceeded
NoneType: None

================================================================================

================================================================================
[2025-10-28 16:33:05] ERRO EM: process_batch (pedido 149107)
Status: max_retries_exceeded
NoneType: None

================================================================================

================================================================================
[2025-10-28 16:33:05] ERRO EM: process_batch (pedido 149177)
Status: max_retries_exceeded
NoneType: None

================================================================================

================================================================================
[2025-10-28 16:33:10] ERRO EM: process_batch (pedido 149560)
Status: max_retries_exceeded
NoneType: None

================================================================================

================================================================================
[2025-10-28 16:33:15] ERRO EM: process_batch (pedido 150072)
Status: max_retries_exceeded
NoneType: None

================================================================================

================================================================================
[2025-10-28 16:33:15] ERRO EM: process_batch (pedido 150485)
Status: max_retries_exceeded
NoneType: None

================================================================================

================================================================================
[2025-10-28 16:33:15] ERRO EM: process_batch (pedido 151047)
Status: max_retries_exceeded
NoneType: None

================================================================================

================================================================================
[2025-10-28 16:33:56] ERRO EM: process_batch (pedido 167659)
Status: max_retries_exceeded
NoneType: None

================================================================================

================================================================================
[2025-10-28 16:33:56] ERRO EM: process_batch (pedido 167728)
Status: max_retries_exceeded
NoneType: None

================================================================================

================================================================================
[2025-10-28 16:33:57] ERRO EM: process_batch (pedido 167735)
Status: max_retries_exceeded
NoneType: None

================================================================================

================================================================================
[2025-10-28 16:34:01] ERRO EM: process_batch (pedido 167991)
Status: max_retries_exceeded
NoneType: None

================================================================================

================================================================================
[2025-10-28 16:34:01] ERRO EM: process_batch (pedido 168057)
Status: max_retries_exceeded
NoneType: None

================================================================================

================================================================================
[2025-10-28 16:34:02] ERRO EM: process_batch (pedido 168061)
Status: max_retries_exceeded
NoneType: None

================================================================================

================================================================================
[2025-10-28 16:34:06] ERRO EM: process_batch (pedido 168065)
Status: max_retries_exceeded
NoneType: None

================================================================================

================================================================================
[2025-10-28 16:34:11] ERRO EM: process_batch (pedido 168217)
Status: max_retries_exceeded
NoneType: None

================================================================================

================================================================================
[2025-10-28 16:34:12] ERRO EM: process_batch (pedido 168286)
Status: max_retries_exceeded
NoneType: None

================================================================================

================================================================================
[2025-10-28 16:34:12] ERRO EM: process_batch (pedido 168367)
Status: max_retries_exceeded
NoneType: None

================================================================================

================================================================================
[2025-10-28 16:34:16] ERRO EM: process_batch (pedido 168371)
Status: max_retries_exceeded
NoneType: None

================================================================================

================================================================================
[2025-10-28 16:34:17] ERRO EM: process_batch (pedido 168526)
Status: max_retries_exceeded
NoneType: None

================================================================================

================================================================================
[2025-10-28 16:34:17] ERRO EM: process_batch (pedido 168603)
Status: max_retries_exceeded
NoneType: None

================================================================================

================================================================================
[2025-10-28 16:34:58] ERRO EM: process_batch (pedido 179860)
Status: max_retries_exceeded
NoneType: None

================================================================================

================================================================================
[2025-10-28 16:34:58] ERRO EM: process_batch (pedido 180100)
Status: max_retries_exceeded
NoneType: None

================================================================================

================================================================================
[2025-10-28 16:34:58] ERRO EM: process_batch (pedido 180155)
Status: max_retries_exceeded
NoneType: None

================================================================================

================================================================================
[2025-10-28 16:35:03] ERRO EM: process_batch (pedido 180212)
Status: max_retries_exceeded
NoneType: None

================================================================================

================================================================================
[2025-10-28 16:35:08] ERRO EM: process_batch (pedido 180282)
Status: max_retries_exceeded
NoneType: None

================================================================================

================================================================================
[2025-10-28 16:35:08] ERRO EM: process_batch (pedido 180556)
Status: max_retries_exceeded
NoneType: None

================================================================================

================================================================================
[2025-10-28 16:35:08] ERRO EM: process_batch (pedido 180570)
Status: max_retries_exceeded
NoneType: None

================================================================================

================================================================================
[2025-10-28 16:35:13] ERRO EM: process_batch (pedido 180808)
Status: max_retries_exceeded
NoneType: None

================================================================================

================================================================================
[2025-10-28 16:35:13] ERRO EM: process_batch (pedido 180834)
Status: max_retries_exceeded
NoneType: None

================================================================================

================================================================================
[2025-10-28 16:35:13] ERRO EM: process_batch (pedido 180898)
Status: max_retries_exceeded
NoneType: None

================================================================================

================================================================================
[2025-10-28 16:35:18] ERRO EM: process_batch (pedido 180902)
Status: max_retries_exceeded
NoneType: None

================================================================================

================================================================================
[2025-10-28 16:35:18] ERRO EM: process_batch (pedido 181106)
Status: max_retries_exceeded
NoneType: None

================================================================================

================================================================================
[2025-10-28 16:35:18] ERRO EM: process_batch (pedido 181138)
Status: max_retries_exceeded
NoneType: None

================================================================================

================================================================================
[2025-10-28 16:35:59] ERRO EM: process_batch (pedido 191147)
Status: max_retries_exceeded
NoneType: None

================================================================================

================================================================================
[2025-10-28 16:35:59] ERRO EM: process_batch (pedido 191234)
Status: max_retries_exceeded
NoneType: None

================================================================================

================================================================================
[2025-10-28 16:36:04] ERRO EM: process_batch (pedido 191261)
Status: max_retries_exceeded
NoneType: None

================================================================================

================================================================================
[2025-10-28 16:36:04] ERRO EM: process_batch (pedido 191458)
Status: max_retries_exceeded
NoneType: None

================================================================================

================================================================================
[2025-10-28 16:36:05] ERRO EM: process_batch (pedido 191623)
Status: max_retries_exceeded
NoneType: None

================================================================================

================================================================================
[2025-10-28 16:36:10] ERRO EM: process_batch (pedido 191874)
Status: max_retries_exceeded
NoneType: None

================================================================================

================================================================================
[2025-10-28 16:36:10] ERRO EM: process_batch (pedido 191875)
Status: max_retries_exceeded
NoneType: None

================================================================================

================================================================================
[2025-10-28 16:36:10] ERRO EM: process_batch (pedido 191878)
Status: max_retries_exceeded
NoneType: None

================================================================================

================================================================================
[2025-10-28 16:36:15] ERRO EM: process_batch (pedido 191880)
Status: max_retries_exceeded
NoneType: None

================================================================================

================================================================================
[2025-10-28 16:36:15] ERRO EM: process_batch (pedido 191927)
Status: max_retries_exceeded
NoneType: None

================================================================================

================================================================================
[2025-10-28 16:36:15] ERRO EM: process_batch (pedido 191938)
Status: max_retries_exceeded
NoneType: None

================================================================================

================================================================================
[2025-10-28 16:36:20] ERRO EM: process_batch (pedido 191992)
Status: max_retries_exceeded
NoneType: None

================================================================================

================================================================================
[2025-10-28 16:37:01] ERRO EM: process_batch (pedido 202675)
Status: max_retries_exceeded
NoneType: None

================================================================================

================================================================================
[2025-10-28 16:37:01] ERRO EM: process_batch (pedido 202694)
Status: max_retries_exceeded
NoneType: None

================================================================================

================================================================================
[2025-10-28 16:37:02] ERRO EM: process_batch (pedido 202719)
Status: max_retries_exceeded
NoneType: None

================================================================================

================================================================================
[2025-10-28 16:37:06] ERRO EM: process_batch (pedido 202962)
Status: max_retries_exceeded
NoneType: None

================================================================================

================================================================================
[2025-10-28 16:37:06] ERRO EM: process_batch (pedido 203140)
Status: max_retries_exceeded
NoneType: None

================================================================================

================================================================================
[2025-10-28 16:37:07] ERRO EM: process_batch (pedido 203301)
Status: max_retries_exceeded
NoneType: None

================================================================================

================================================================================
[2025-10-28 16:37:11] ERRO EM: process_batch (pedido 203376)
Status: max_retries_exceeded
NoneType: None

================================================================================

================================================================================
[2025-10-28 16:37:11] ERRO EM: process_batch (pedido 203542)
Status: max_retries_exceeded
NoneType: None

================================================================================

================================================================================
[2025-10-28 16:37:12] ERRO EM: process_batch (pedido 203582)
Status: max_retries_exceeded
NoneType: None

================================================================================

================================================================================
[2025-10-28 16:37:16] ERRO EM: process_batch (pedido 203790)
Status: max_retries_exceeded
NoneType: None

================================================================================

================================================================================
[2025-10-28 16:37:21] ERRO EM: process_batch (pedido 203876)
Status: max_retries_exceeded
NoneType: None

================================================================================

================================================================================
[2025-10-28 16:37:22] ERRO EM: process_batch (pedido 203885)
Status: max_retries_exceeded
NoneType: None

================================================================================

================================================================================
[2025-10-28 16:37:22] ERRO EM: process_batch (pedido 203914)
Status: max_retries_exceeded
NoneType: None

================================================================================

================================================================================
[2025-10-28 16:38:02] ERRO EM: process_batch (pedido 214289)
Status: max_retries_exceeded
NoneType: None

================================================================================

================================================================================
[2025-10-28 16:38:02] ERRO EM: process_batch (pedido 214320)
Status: max_retries_exceeded
NoneType: None

================================================================================

================================================================================
[2025-10-28 16:38:03] ERRO EM: process_batch (pedido 214571)
Status: max_retries_exceeded
NoneType: None

================================================================================

================================================================================
[2025-10-28 16:38:07] ERRO EM: process_batch (pedido 214626)
Status: max_retries_exceeded
NoneType: None

================================================================================

================================================================================
[2025-10-28 16:38:08] ERRO EM: process_batch (pedido 214680)
Status: max_retries_exceeded
NoneType: None

================================================================================

================================================================================
[2025-10-28 16:38:08] ERRO EM: process_batch (pedido 214780)
Status: max_retries_exceeded
NoneType: None

================================================================================

================================================================================
[2025-10-28 16:38:13] ERRO EM: process_batch (pedido 214933)
Status: max_retries_exceeded
NoneType: None

================================================================================

================================================================================
[2025-10-28 16:38:18] ERRO EM: process_batch (pedido 214971)
Status: max_retries_exceeded
NoneType: None

================================================================================

================================================================================
[2025-10-28 16:38:18] ERRO EM: process_batch (pedido 214996)
Status: max_retries_exceeded
NoneType: None

================================================================================

================================================================================
[2025-10-28 16:38:18] ERRO EM: process_batch (pedido 215130)
Status: max_retries_exceeded
NoneType: None

================================================================================

================================================================================
[2025-10-28 16:38:23] ERRO EM: process_batch (pedido 215171)
Status: max_retries_exceeded
NoneType: None

================================================================================

================================================================================
[2025-10-28 16:38:23] ERRO EM: process_batch (pedido 215261)
Status: max_retries_exceeded
NoneType: None

================================================================================

================================================================================
[2025-10-28 16:38:23] ERRO EM: process_batch (pedido 215312)
Status: max_retries_exceeded
NoneType: None

================================================================================

================================================================================
[2025-10-28 16:39:04] ERRO EM: process_batch (pedido 227666)
Status: max_retries_exceeded
NoneType: None

================================================================================

================================================================================
[2025-10-28 16:39:04] ERRO EM: process_batch (pedido 227730)
Status: max_retries_exceeded
NoneType: None

================================================================================

================================================================================
[2025-10-28 16:39:04] ERRO EM: process_batch (pedido 227789)
Status: max_retries_exceeded
NoneType: None

================================================================================

================================================================================
[2025-10-28 16:39:09] ERRO EM: process_batch (pedido 227822)
Status: max_retries_exceeded
NoneType: None

================================================================================

================================================================================
[2025-10-28 16:39:09] ERRO EM: process_batch (pedido 227864)
Status: max_retries_exceeded
NoneType: None

================================================================================

================================================================================
[2025-10-28 16:39:14] ERRO EM: process_batch (pedido 228078)
Status: max_retries_exceeded
NoneType: None

================================================================================

================================================================================
[2025-10-28 16:39:14] ERRO EM: process_batch (pedido 228211)
Status: max_retries_exceeded
NoneType: None

================================================================================

================================================================================
[2025-10-28 16:39:15] ERRO EM: process_batch (pedido 229097)
Status: max_retries_exceeded
NoneType: None

================================================================================

================================================================================
[2025-10-28 16:39:19] ERRO EM: process_batch (pedido 229147)
Status: max_retries_exceeded
NoneType: None

================================================================================

================================================================================
[2025-10-28 16:39:19] ERRO EM: process_batch (pedido 229149)
Status: max_retries_exceeded
NoneType: None

================================================================================

================================================================================
[2025-10-28 16:39:20] ERRO EM: process_batch (pedido 229303)
Status: max_retries_exceeded
NoneType: None

================================================================================

================================================================================
[2025-10-28 16:39:24] ERRO EM: process_batch (pedido 229350)
Status: max_retries_exceeded
NoneType: None

================================================================================

================================================================================
[2025-10-28 16:39:25] ERRO EM: process_batch (pedido 229394)
Status: max_retries_exceeded
NoneType: None

================================================================================

================================================================================
[2025-10-28 16:39:25] ERRO EM: process_batch (pedido 229495)
Status: max_retries_exceeded
NoneType: None

================================================================================
